2025-08-12 01:01:57,685 - INFO - Binance AI Bot inicializado (LIVE)
2025-08-12 01:02:12,464 - ERROR - ❌ Erro ao calcular valor total: 'free'
2025-08-12 01:02:12,466 - INFO - 🚀 Iniciando sessão de trading por 24h
2025-08-12 01:02:12,466 - INFO - 🧠 Inicializando sistemas AI...
2025-08-12 01:05:22,536 - INFO - ✅ Sistema AI treinado para BTC/USDT
2025-08-12 01:07:51,634 - INFO - ✅ Sistema AI treinado para ETH/USDT
2025-08-12 01:07:52,299 - ERROR - ❌ Erro ao calcular valor total: 'free'
2025-08-12 01:07:52,300 - INFO - 💰 Saldo inicial: $0.00
2025-08-12 01:07:52,301 - INFO - 🔄 Processando sinais...
2025-08-12 01:07:52,659 - INFO - HOLD para BTC/USDT - Preço: $118958.67
2025-08-12 01:07:53,088 - INFO - HOLD para ETH/USDT - Preço: $4298.86
2025-08-12 01:07:57,889 - ERROR - ❌ Erro ao calcular valor total: 'free'
2025-08-12 01:07:57,890 - INFO - ==================================================
2025-08-12 01:07:57,890 - INFO - 💰 Saldo: $0.00
2025-08-12 01:07:57,890 - INFO - 🏦 USDT Livre: $18.19
2025-08-12 01:07:57,891 - INFO - 📊 Posições Abertas: 0
2025-08-12 01:07:57,891 - INFO - 🎯 BTC/USDT: HOLD @ $118958.67
2025-08-12 01:07:57,891 - INFO - 🎯 ETH/USDT: HOLD @ $4298.86
2025-08-12 01:12:57,892 - INFO - 🔄 Processando sinais...
2025-08-12 01:12:58,253 - INFO - HOLD para BTC/USDT - Preço: $118946.63
2025-08-12 01:12:58,680 - INFO - HOLD para ETH/USDT - Preço: $4299.52
2025-08-12 01:13:03,479 - ERROR - ❌ Erro ao calcular valor total: 'free'
2025-08-12 01:13:03,480 - INFO - ==================================================
2025-08-12 01:13:03,480 - INFO - 💰 Saldo: $0.00
2025-08-12 01:13:03,480 - INFO - 🏦 USDT Livre: $18.19
2025-08-12 01:13:03,481 - INFO - 📊 Posições Abertas: 0
2025-08-12 01:13:03,481 - INFO - 🎯 BTC/USDT: HOLD @ $118946.63
2025-08-12 01:13:03,481 - INFO - 🎯 ETH/USDT: HOLD @ $4299.52
2025-08-12 01:18:03,482 - INFO - 🔄 Processando sinais...
2025-08-12 01:18:03,844 - INFO - HOLD para BTC/USDT - Preço: $118937.36
2025-08-12 01:18:04,265 - INFO - HOLD para ETH/USDT - Preço: $4301.38
2025-08-12 01:18:09,066 - ERROR - ❌ Erro ao calcular valor total: 'free'
2025-08-12 01:18:09,068 - INFO - ==================================================
2025-08-12 01:18:09,068 - INFO - 💰 Saldo: $0.00
2025-08-12 01:18:09,068 - INFO - 🏦 USDT Livre: $18.19
2025-08-12 01:18:09,069 - INFO - 📊 Posições Abertas: 0
2025-08-12 01:18:09,069 - INFO - 🎯 BTC/USDT: HOLD @ $118937.36
2025-08-12 01:18:09,069 - INFO - 🎯 ETH/USDT: HOLD @ $4301.38
2025-08-12 01:23:09,070 - INFO - 🔄 Processando sinais...
2025-08-12 01:23:09,435 - INFO - HOLD para BTC/USDT - Preço: $118925.12
2025-08-12 01:23:09,855 - INFO - HOLD para ETH/USDT - Preço: $4298.85
2025-08-12 01:23:14,652 - ERROR - ❌ Erro ao calcular valor total: 'free'
2025-08-12 01:23:14,653 - INFO - ==================================================
2025-08-12 01:23:14,654 - INFO - 💰 Saldo: $0.00
2025-08-12 01:23:14,654 - INFO - 🏦 USDT Livre: $18.19
2025-08-12 01:23:14,654 - INFO - 📊 Posições Abertas: 0
2025-08-12 01:23:14,654 - INFO - 🎯 BTC/USDT: HOLD @ $118925.12
2025-08-12 01:23:14,655 - INFO - 🎯 ETH/USDT: HOLD @ $4298.85
2025-08-12 01:28:14,656 - INFO - 🔄 Processando sinais...
2025-08-12 01:28:15,017 - INFO - HOLD para BTC/USDT - Preço: $119000.00
2025-08-12 01:28:15,441 - INFO - HOLD para ETH/USDT - Preço: $4305.33
2025-08-12 01:28:20,238 - ERROR - ❌ Erro ao calcular valor total: 'free'
2025-08-12 01:28:20,239 - INFO - ==================================================
2025-08-12 01:28:20,239 - INFO - 💰 Saldo: $0.00
2025-08-12 01:28:20,240 - INFO - 🏦 USDT Livre: $18.19
2025-08-12 01:28:20,240 - INFO - 📊 Posições Abertas: 0
2025-08-12 01:28:20,240 - INFO - 🎯 BTC/USDT: HOLD @ $119000.00
2025-08-12 01:28:20,241 - INFO - 🎯 ETH/USDT: HOLD @ $4305.33
2025-08-12 08:15:48,604 - INFO - 🔄 Processando sinais...
2025-08-12 08:15:49,250 - INFO - HOLD para BTC/USDT - Preço: $118292.03
2025-08-12 08:15:49,657 - INFO - HOLD para ETH/USDT - Preço: $4264.20
2025-08-12 08:15:54,510 - ERROR - ❌ Erro ao calcular valor total: 'free'
2025-08-12 08:15:54,512 - INFO - ==================================================
2025-08-12 08:15:54,513 - INFO - 💰 Saldo: $0.00
2025-08-12 08:15:54,513 - INFO - 🏦 USDT Livre: $18.19
2025-08-12 08:15:54,514 - INFO - 📊 Posições Abertas: 0
2025-08-12 08:15:54,514 - INFO - 🎯 BTC/USDT: HOLD @ $118292.03
2025-08-12 08:15:54,514 - INFO - 🎯 ETH/USDT: HOLD @ $4264.20
2025-08-12 08:20:54,574 - INFO - 🔄 Processando sinais...
2025-08-12 08:20:55,516 - INFO - HOLD para BTC/USDT - Preço: $118407.47
2025-08-12 08:20:55,828 - INFO - HOLD para ETH/USDT - Preço: $4271.68
2025-08-12 08:21:00,649 - ERROR - ❌ Erro ao calcular valor total: 'free'
2025-08-12 08:21:00,651 - INFO - ==================================================
2025-08-12 08:21:00,651 - INFO - 💰 Saldo: $0.00
2025-08-12 08:21:00,652 - INFO - 🏦 USDT Livre: $18.19
2025-08-12 08:21:00,652 - INFO - 📊 Posições Abertas: 0
2025-08-12 08:21:00,653 - INFO - 🎯 BTC/USDT: HOLD @ $118407.47
2025-08-12 08:21:00,653 - INFO - 🎯 ETH/USDT: HOLD @ $4271.68
2025-08-12 08:26:00,690 - INFO - 🔄 Processando sinais...
2025-08-12 08:26:01,421 - INFO - HOLD para BTC/USDT - Preço: $118460.01
2025-08-12 08:26:01,734 - INFO - HOLD para ETH/USDT - Preço: $4273.11
2025-08-12 08:26:06,547 - ERROR - ❌ Erro ao calcular valor total: 'free'
2025-08-12 08:26:06,548 - INFO - ==================================================
2025-08-12 08:26:06,548 - INFO - 💰 Saldo: $0.00
2025-08-12 08:26:06,549 - INFO - 🏦 USDT Livre: $18.19
2025-08-12 08:26:06,549 - INFO - 📊 Posições Abertas: 0
2025-08-12 08:26:06,551 - INFO - 🎯 BTC/USDT: HOLD @ $118460.01
2025-08-12 08:26:06,552 - INFO - 🎯 ETH/USDT: HOLD @ $4273.11
2025-08-12 08:31:06,554 - INFO - 🔄 Processando sinais...
2025-08-12 08:31:06,979 - INFO - HOLD para BTC/USDT - Preço: $118500.30
2025-08-12 08:31:07,350 - INFO - HOLD para ETH/USDT - Preço: $4279.48
2025-08-12 08:31:12,150 - ERROR - ❌ Erro ao calcular valor total: 'free'
2025-08-12 08:31:12,152 - INFO - ==================================================
2025-08-12 08:31:12,153 - INFO - 💰 Saldo: $0.00
2025-08-12 08:31:12,154 - INFO - 🏦 USDT Livre: $18.19
2025-08-12 08:31:12,155 - INFO - 📊 Posições Abertas: 0
2025-08-12 08:31:12,155 - INFO - 🎯 BTC/USDT: HOLD @ $118500.30
2025-08-12 08:31:12,156 - INFO - 🎯 ETH/USDT: HOLD @ $4279.48
2025-08-12 08:36:12,136 - INFO - 🔄 Processando sinais...
2025-08-12 08:36:12,506 - INFO - HOLD para BTC/USDT - Preço: $118620.01
2025-08-12 08:36:12,923 - INFO - HOLD para ETH/USDT - Preço: $4283.01
2025-08-12 08:36:17,731 - ERROR - ❌ Erro ao calcular valor total: 'free'
2025-08-12 08:36:17,733 - INFO - ==================================================
2025-08-12 08:36:17,733 - INFO - 💰 Saldo: $0.00
2025-08-12 08:36:17,734 - INFO - 🏦 USDT Livre: $18.19
2025-08-12 08:36:17,734 - INFO - 📊 Posições Abertas: 0
2025-08-12 08:36:17,735 - INFO - 🎯 BTC/USDT: HOLD @ $118620.01
2025-08-12 08:36:17,736 - INFO - 🎯 ETH/USDT: HOLD @ $4283.01
2025-08-12 08:48:55,453 - INFO - 🔄 Processando sinais...
2025-08-12 08:49:05,672 - ERROR - ❌ Erro ao obter dados de BTC/USDT: binance GET https://api.binance.com/api/v3/klines?interval=1h&limit=200&symbol=BTCUSDT
2025-08-12 08:49:06,902 - INFO - HOLD para ETH/USDT - Preço: $4280.68
2025-08-12 08:49:10,876 - ERROR - ❌ Erro ao calcular valor total: 'free'
2025-08-12 08:49:10,878 - INFO - ==================================================
2025-08-12 08:49:10,879 - INFO - 💰 Saldo: $0.00
2025-08-12 08:49:10,880 - INFO - 🏦 USDT Livre: $18.19
2025-08-12 08:49:10,881 - INFO - 📊 Posições Abertas: 0
2025-08-12 08:49:11,102 - INFO - 🎯 BTC/USDT: HOLD @ $118620.01
2025-08-12 08:49:11,336 - INFO - 🎯 ETH/USDT: HOLD @ $4280.68
2025-08-12 08:49:37,116 - INFO - ⏹️ Sessão interrompida pelo usuário
2025-08-12 08:49:37,118 - INFO - 🔒 Fechando todas as posições...
2025-08-12 08:49:37,433 - ERROR - ❌ Erro ao calcular valor total: 'free'
2025-08-12 08:52:01,684 - INFO - Binance AI Bot inicializado (LIVE)
2025-08-12 08:52:17,566 - ERROR - ❌ Erro ao calcular valor total: 'free'
2025-08-12 08:52:17,568 - INFO - 🚀 Iniciando sessão de trading por 1h
2025-08-12 08:52:17,568 - INFO - 🧠 Inicializando sistemas AI...
2025-08-12 08:55:28,844 - INFO - ✅ Sistema AI treinado para BTC/USDT
2025-08-12 08:58:26,634 - INFO - ✅ Sistema AI treinado para ETH/USDT
2025-08-12 08:58:28,225 - ERROR - HTTP Error 404: 
2025-08-12 08:58:29,066 - ERROR - $BNB-USDT: possibly delisted; no price data found  (period=6mo) (Yahoo error = "No data found, symbol may be delisted")
2025-08-12 08:58:29,067 - ERROR - ❌ Erro ao treinar AI para BNB/USDT: Não foi possível baixar dados para BNB-USDT
2025-08-12 08:58:30,245 - ERROR - HTTP Error 404: 
2025-08-12 08:58:31,016 - ERROR - $SOL-USDT: possibly delisted; no price data found  (period=6mo) (Yahoo error = "No data found, symbol may be delisted")
2025-08-12 08:58:31,017 - ERROR - ❌ Erro ao treinar AI para SOL/USDT: Não foi possível baixar dados para SOL-USDT
2025-08-12 08:58:31,957 - ERROR - $XRP-USDT: possibly delisted; no price data found  (period=6mo) (Yahoo error = "No data found, symbol may be delisted")
2025-08-12 08:58:31,960 - ERROR - ❌ Erro ao treinar AI para XRP/USDT: Não foi possível baixar dados para XRP-USDT
2025-08-12 08:58:32,848 - ERROR - $ADA-USDT: possibly delisted; no price data found  (period=6mo) (Yahoo error = "No data found, symbol may be delisted")
2025-08-12 08:58:32,849 - ERROR - ❌ Erro ao treinar AI para ADA/USDT: Não foi possível baixar dados para ADA-USDT
2025-08-12 08:58:33,763 - ERROR - $DOGE-USDT: possibly delisted; no price data found  (period=6mo) (Yahoo error = "No data found, symbol may be delisted")
2025-08-12 08:58:33,764 - ERROR - ❌ Erro ao treinar AI para DOGE/USDT: Não foi possível baixar dados para DOGE-USDT
2025-08-12 08:58:34,651 - ERROR - $TRX-USDT: possibly delisted; no price data found  (period=6mo) (Yahoo error = "No data found, symbol may be delisted")
2025-08-12 08:58:34,652 - ERROR - ❌ Erro ao treinar AI para TRX/USDT: Não foi possível baixar dados para TRX-USDT
2025-08-12 08:58:35,550 - ERROR - $LINK-USDT: possibly delisted; no price data found  (period=6mo) (Yahoo error = "No data found, symbol may be delisted")
2025-08-12 08:58:35,551 - ERROR - ❌ Erro ao treinar AI para LINK/USDT: Não foi possível baixar dados para LINK-USDT
2025-08-12 08:58:36,518 - ERROR - $AVAX-USDT: possibly delisted; no price data found  (period=6mo) (Yahoo error = "No data found, symbol may be delisted")
2025-08-12 08:58:36,522 - ERROR - ❌ Erro ao treinar AI para AVAX/USDT: Não foi possível baixar dados para AVAX-USDT
2025-08-12 08:58:42,265 - ERROR - $MATIC-USDT: possibly delisted; no price data found  (period=6mo) (Yahoo error = "No data found, symbol may be delisted")
2025-08-12 08:58:42,267 - ERROR - ❌ Erro ao treinar AI para MATIC/USDT: Não foi possível baixar dados para MATIC-USDT
2025-08-12 08:58:43,168 - ERROR - $DOT-USDT: possibly delisted; no price data found  (period=6mo) (Yahoo error = "No data found, symbol may be delisted")
2025-08-12 08:58:43,169 - ERROR - ❌ Erro ao treinar AI para DOT/USDT: Não foi possível baixar dados para DOT-USDT
2025-08-12 08:58:44,065 - ERROR - $LTC-USDT: possibly delisted; no price data found  (period=6mo) (Yahoo error = "No data found, symbol may be delisted")
2025-08-12 08:58:44,066 - ERROR - ❌ Erro ao treinar AI para LTC/USDT: Não foi possível baixar dados para LTC-USDT
2025-08-12 08:58:45,200 - ERROR - $ATOM-USDT: possibly delisted; no price data found  (period=6mo) (Yahoo error = "No data found, symbol may be delisted")
2025-08-12 08:58:45,201 - ERROR - ❌ Erro ao treinar AI para ATOM/USDT: Não foi possível baixar dados para ATOM-USDT
2025-08-12 08:58:46,127 - ERROR - $UNI-USDT: possibly delisted; no price data found  (period=6mo) (Yahoo error = "No data found, symbol may be delisted")
2025-08-12 08:58:46,130 - ERROR - ❌ Erro ao treinar AI para UNI/USDT: Não foi possível baixar dados para UNI-USDT
2025-08-12 08:58:46,630 - ERROR - ❌ Erro ao calcular valor total: 'free'
2025-08-12 08:58:46,631 - INFO - 💰 Saldo inicial: $0.00
2025-08-12 08:58:46,634 - INFO - 🔄 Processando sinais...
2025-08-12 08:58:47,011 - INFO - SINAL BTC/USDT | close=118577.3400 | ai_signal=0
2025-08-12 08:58:47,012 - INFO - HOLD para BTC/USDT - Preço: $118577.34
2025-08-12 08:58:47,439 - INFO - SINAL ETH/USDT | close=4294.1400 | ai_signal=0
2025-08-12 08:58:47,439 - INFO - HOLD para ETH/USDT - Preço: $4294.14
2025-08-12 08:58:47,440 - WARNING - ⚠️ Sistema AI não encontrado para BNB/USDT
2025-08-12 08:58:47,440 - WARNING - ⚠️ Sistema AI não encontrado para SOL/USDT
2025-08-12 08:58:47,441 - WARNING - ⚠️ Sistema AI não encontrado para XRP/USDT
2025-08-12 08:58:47,444 - WARNING - ⚠️ Sistema AI não encontrado para ADA/USDT
2025-08-12 08:58:47,444 - WARNING - ⚠️ Sistema AI não encontrado para DOGE/USDT
2025-08-12 08:58:47,446 - WARNING - ⚠️ Sistema AI não encontrado para TRX/USDT
2025-08-12 08:58:47,446 - WARNING - ⚠️ Sistema AI não encontrado para LINK/USDT
2025-08-12 08:58:47,447 - WARNING - ⚠️ Sistema AI não encontrado para AVAX/USDT
2025-08-12 08:58:47,447 - WARNING - ⚠️ Sistema AI não encontrado para MATIC/USDT
2025-08-12 08:58:47,447 - WARNING - ⚠️ Sistema AI não encontrado para DOT/USDT
2025-08-12 08:58:47,448 - WARNING - ⚠️ Sistema AI não encontrado para LTC/USDT
2025-08-12 08:58:47,448 - WARNING - ⚠️ Sistema AI não encontrado para ATOM/USDT
2025-08-12 08:58:47,449 - WARNING - ⚠️ Sistema AI não encontrado para UNI/USDT
2025-08-12 08:58:52,235 - ERROR - ❌ Erro ao calcular valor total: 'free'
2025-08-12 08:58:52,237 - INFO - ==================================================
2025-08-12 08:58:52,239 - INFO - 💰 Saldo: $0.00
2025-08-12 08:58:52,240 - INFO - 🏦 USDT Livre: $18.19
2025-08-12 08:58:52,240 - INFO - 📊 Posições Abertas: 0
2025-08-12 08:58:52,240 - INFO - 🎯 BTC/USDT: HOLD @ $118577.34
2025-08-12 08:58:52,241 - INFO - 🎯 ETH/USDT: HOLD @ $4294.14
2025-08-12 08:59:52,241 - INFO - 🔄 Processando sinais...
2025-08-12 08:59:52,545 - INFO - SINAL BTC/USDT | close=118522.2200 | ai_signal=0
2025-08-12 08:59:52,546 - INFO - HOLD para BTC/USDT - Preço: $118522.22
2025-08-12 08:59:53,026 - INFO - SINAL ETH/USDT | close=4289.4500 | ai_signal=0
2025-08-12 08:59:53,027 - INFO - HOLD para ETH/USDT - Preço: $4289.45
2025-08-12 08:59:53,028 - WARNING - ⚠️ Sistema AI não encontrado para BNB/USDT
2025-08-12 08:59:53,028 - WARNING - ⚠️ Sistema AI não encontrado para SOL/USDT
2025-08-12 08:59:53,029 - WARNING - ⚠️ Sistema AI não encontrado para XRP/USDT
2025-08-12 08:59:53,029 - WARNING - ⚠️ Sistema AI não encontrado para ADA/USDT
2025-08-12 08:59:53,029 - WARNING - ⚠️ Sistema AI não encontrado para DOGE/USDT
2025-08-12 08:59:53,030 - WARNING - ⚠️ Sistema AI não encontrado para TRX/USDT
2025-08-12 08:59:53,030 - WARNING - ⚠️ Sistema AI não encontrado para LINK/USDT
2025-08-12 08:59:53,031 - WARNING - ⚠️ Sistema AI não encontrado para AVAX/USDT
2025-08-12 08:59:53,031 - WARNING - ⚠️ Sistema AI não encontrado para MATIC/USDT
2025-08-12 08:59:53,031 - WARNING - ⚠️ Sistema AI não encontrado para DOT/USDT
2025-08-12 08:59:53,032 - WARNING - ⚠️ Sistema AI não encontrado para LTC/USDT
2025-08-12 08:59:53,032 - WARNING - ⚠️ Sistema AI não encontrado para ATOM/USDT
2025-08-12 08:59:53,033 - WARNING - ⚠️ Sistema AI não encontrado para UNI/USDT
2025-08-12 08:59:54,038 - INFO - ⏹️ Sessão interrompida pelo usuário
2025-08-12 08:59:54,039 - INFO - 🔒 Fechando todas as posições...
2025-08-12 08:59:57,829 - ERROR - ❌ Erro ao calcular valor total: 'free'
2025-08-12 09:15:01,271 - INFO - Binance AI Bot inicializado (LIVE)
2025-08-12 09:15:18,228 - INFO - 🚀 Iniciando sessão de trading por 1h
2025-08-12 09:15:18,229 - INFO - 🧠 Inicializando sistemas AI...
2025-08-12 09:18:33,949 - INFO - ✅ Sistema AI treinado para BTC/USDT
2025-08-12 09:21:16,814 - INFO - ✅ Sistema AI treinado para ETH/USDT
2025-08-12 09:23:55,455 - INFO - ✅ Sistema AI treinado para BNB/USDT
2025-08-12 09:26:30,886 - INFO - ✅ Sistema AI treinado para SOL/USDT
2025-08-12 09:29:19,588 - INFO - ✅ Sistema AI treinado para XRP/USDT
2025-08-12 09:31:52,816 - INFO - ✅ Sistema AI treinado para ADA/USDT
2025-08-12 09:34:23,819 - INFO - ✅ Sistema AI treinado para DOGE/USDT
2025-08-12 09:37:08,118 - INFO - ✅ Sistema AI treinado para TRX/USDT
2025-08-12 09:39:55,694 - INFO - ✅ Sistema AI treinado para LINK/USDT
2025-08-12 09:42:46,440 - INFO - ✅ Sistema AI treinado para AVAX/USDT
2025-08-12 09:42:47,093 - WARNING - ⚠️ Dados insuficientes para MATIC/USDT (41) - pulando
